TN:
SF:src/app/builders/HttpResponseBuilder.ts
FN:6,HttpResponseBuilder
FN:12,statusCode
FN:16,body
FN:21,build
FNF:4
FNH:4
FNDA:2,HttpResponseBuilder
FNDA:2,statusCode
FNDA:2,body
FNDA:2,build
DA:1,1
DA:2,1
DA:3,1
DA:4,1
DA:5,1
DA:6,1
DA:7,2
DA:8,2
DA:9,2
DA:10,2
DA:11,1
DA:12,1
DA:13,2
DA:14,2
DA:15,1
DA:16,1
DA:17,2
DA:18,2
DA:19,2
DA:20,1
DA:21,1
DA:22,2
DA:23,2
DA:24,1
LF:24
LH:24
BRDA:6,0,0,2
BRDA:12,1,0,2
BRDA:16,2,0,2
BRDA:21,3,0,2
BRF:4
BRH:4
end_of_record
TN:
SF:src/app/controllers/users/CreateUserController.ts
FN:6,CreateUserController
FN:8,handle
FNF:2
FNH:2
FNDA:2,CreateUserController
FNDA:2,handle
DA:1,1
DA:2,1
DA:3,1
DA:4,1
DA:5,1
DA:6,1
DA:7,1
DA:8,1
DA:9,2
DA:10,2
DA:11,2
DA:12,2
DA:13,2
DA:14,2
DA:15,1
LF:15
LH:15
BRDA:6,0,0,2
BRDA:8,1,0,2
BRF:2
BRH:2
end_of_record
TN:
SF:src/app/services/users/CreateUserService.ts
FN:8,CreateUserService
FN:13,execute
FNF:2
FNH:2
FNDA:1,CreateUserService
FNDA:1,execute
DA:1,1
DA:2,1
DA:3,1
DA:4,1
DA:5,1
DA:6,1
DA:7,1
DA:8,1
DA:9,1
DA:10,1
DA:11,1
DA:12,1
DA:13,1
DA:14,1
DA:15,1
DA:16,1
DA:17,1
DA:18,1
DA:19,1
DA:20,1
DA:21,1
DA:22,1
DA:23,1
DA:24,1
DA:25,1
DA:26,1
DA:27,1
DA:28,1
DA:29,1
LF:29
LH:29
BRDA:8,0,0,1
BRDA:13,1,0,1
BRDA:16,2,0,0
BRF:3
BRH:2
end_of_record
TN:
SF:src/app/services/users/FindAllUserService.ts
FN:6,FindAllUserService
FN:8,execute
FNF:2
FNH:2
FNDA:1,FindAllUserService
FNDA:1,execute
DA:1,1
DA:2,1
DA:3,1
DA:4,1
DA:5,1
DA:6,1
DA:7,1
DA:8,1
DA:9,1
DA:10,1
DA:11,1
LF:11
LH:11
BRDA:6,0,0,1
BRDA:8,1,0,1
BRF:2
BRH:2
end_of_record
TN:
SF:src/domain/entities/BaseEntity.ts
FN:6,BaseEntity
FNF:1
FNH:1
FNDA:1,BaseEntity
DA:1,1
DA:2,1
DA:3,1
DA:4,1
DA:5,1
DA:6,1
DA:7,1
DA:8,1
DA:9,1
LF:9
LH:9
BRDA:6,0,0,1
BRDA:7,1,0,0
BRF:2
BRH:1
end_of_record
TN:
SF:src/domain/entities/User.ts
FN:4,User
FNF:1
FNH:1
FNDA:1,User
DA:1,1
DA:2,1
DA:3,1
DA:4,1
DA:5,1
DA:6,1
DA:7,1
DA:8,1
DA:9,1
DA:10,1
DA:11,1
DA:12,1
DA:13,1
DA:14,1
DA:15,1
DA:16,1
LF:16
LH:16
BRDA:4,0,0,1
BRF:1
BRH:1
end_of_record
